0 info it worked if it ends with ok
1 verbose cli [ 'D:\\nodejs\\node.exe',
1 verbose cli   'D:\\nodejs\\node_modules\\npm\\bin\\npm-cli.js',
1 verbose cli   'start' ]
2 info using npm@3.10.10
3 info using node@v6.10.0
4 verbose run-script [ 'prestart', 'start', 'poststart' ]
5 info lifecycle quizward@1.0.0~prestart: quizward@1.0.0
6 silly lifecycle quizward@1.0.0~prestart: no script for prestart, continuing
7 info lifecycle quizward@1.0.0~start: quizward@1.0.0
8 verbose lifecycle quizward@1.0.0~start: unsafe-perm in lifecycle true
9 verbose lifecycle quizward@1.0.0~start: PATH: D:\nodejs\node_modules\npm\bin\node-gyp-bin;C:\Users\Hello\Documents\GitHub\test_quizzard\node_modules\.bin;C:\Users\Hello\bin;D:\Git\mingw64\bin;D:\Git\usr\local\bin;D:\Git\usr\bin;D:\Git\usr\bin;D:\Git\mingw64\bin;D:\Git\usr\bin;C:\Users\Hello\bin;C:\ProgramData\Oracle\Java\javapath;C:\WINDOWS\system32;C:\WINDOWS;C:\WINDOWS\System32\Wbem;C:\WINDOWS\System32\WindowsPowerShell\v1.0;C:\Program Files (x86)\ESTsoft\ALZip;D:\nodejs;D:\Git\cmd;C:\Program Files (x86)\Skype\Phone;D:\Anaconda;D:\Anaconda\Scripts;D:\Anaconda\Library\bin;C:\Users\Hello\AppData\Local\Microsoft\WindowsApps;C:\Program Files (x86)\ESTsoft\ALZip;C:\Users\Hello\AppData\Roaming\npm;D:\Git\usr\bin\vendor_perl;D:\Git\usr\bin\core_perl
10 verbose lifecycle quizward@1.0.0~start: CWD: C:\Users\Hello\Documents\GitHub\test_quizzard
11 silly lifecycle quizward@1.0.0~start: Args: [ '/d /s /c', 'node server.js' ]
12 verbose stack Error: kill ENOSYS
12 verbose stack     at exports._errnoException (util.js:1022:11)
12 verbose stack     at process.kill (internal/process.js:172:13)
12 verbose stack     at process.listener (D:\nodejs\node_modules\npm\node_modules\npmlog\node_modules\gauge\node_modules\signal-exit\index.js:86:15)
12 verbose stack     at emitNone (events.js:91:20)
12 verbose stack     at process.emit (events.js:185:7)
12 verbose stack     at processEmit (D:\nodejs\node_modules\npm\node_modules\npmlog\node_modules\gauge\node_modules\signal-exit\index.js:146:32)
12 verbose stack     at processEmit (D:\nodejs\node_modules\npm\node_modules\npm-registry-client\node_modules\npmlog\node_modules\gauge\node_modules\signal-exit\index.js:146:32)
12 verbose stack     at Signal.wrap.onsignal (internal/process.js:199:44)
13 verbose cwd C:\Users\Hello\Documents\GitHub\test_quizzard
14 error Windows_NT 10.0.14393
15 error argv "D:\\nodejs\\node.exe" "D:\\nodejs\\node_modules\\npm\\bin\\npm-cli.js" "start"
16 error node v6.10.0
17 error npm  v3.10.10
18 error code ENOSYS
19 error errno ENOSYS
20 error syscall kill
21 error kill ENOSYS
22 error If you need help, you may report this error at:
22 error     <https://github.com/npm/npm/issues>
23 verbose exit [ 1, true ]
